<?xml version="1.0" encoding="UTF-8"?>
<!-- Generated by org.testng.reporters.JUnitReportReporter -->
<testsuite skipped="0" hostname="LAPTOP-JTNN1PTL" name="cucumberOptions.TestRunner" tests="1" failures="0" timestamp="2021-07-01T05:20:49 EDT" time="43.427" errors="0">
  <testcase name="feature" time="43.427" classname="cucumberOptions.TestRunner"/>
  <system-out/>
</testsuite> <!-- cucumberOptions.TestRunner -->
