<?xml version="1.0" encoding="UTF-8"?>
<!-- Generated by org.testng.reporters.JUnitReportReporter -->
<testsuite skipped="0" hostname="LAPTOP-JTNN1PTL" name="cucumberOptions.TestRunner" tests="1" failures="0" timestamp="2021-06-23T06:35:27 EDT" time="96.494" errors="0">
  <testcase name="feature" time="96.494" classname="cucumberOptions.TestRunner"/>
  <system-out/>
</testsuite> <!-- cucumberOptions.TestRunner -->
